<?xml version="1.0" encoding="UTF-8"?>
<!-- Generated by org.testng.reporters.JUnitXMLReporter -->
<testsuite ignored="0" hostname="LTIN654157" failures="1" tests="1" name="Default test" time="724.602" errors="0" timestamp="2025-09-01T14:44:25 IST">
  <testcase classname="io.cucumber.testng.AbstractTestNGCucumberTests" name="runScenario" time="723.953">
    <failure type="java.lang.NullPointerException" message="Cannot invoke &amp;quot;String.toLowerCase()&amp;quot; because the return value of &amp;quot;org.openqa.selenium.WebElement.getText()&amp;quot; is null">
      <![CDATA[java.lang.NullPointerException: Cannot invoke "String.toLowerCase()" because the return value of "org.openqa.selenium.WebElement.getText()" is null
at com.makemytrip.pages.VisaProcess.VisaDate(VisaProcess.java:118)
at com.makemytrip.stepDefinitions.TC5_VisaProcessSteps.user_also_selects_month_year_with_date_of_departure_and(TC5_VisaProcessSteps.java:55)
at ✽.user also selects MonthYear "<travelMonyear>" with date of departure "<travelDate>" and "<returnDate>"(file:///C:/Users/2421243/eclipse-workspace/MakeMyTrip/src/test/resources/features/TC5_VisaProcess.feature:8)
]]>
    </failure>
  </testcase> <!-- runScenario -->
</testsuite> <!-- Default test -->
