<?xml version="1.0" encoding="UTF-8"?>
<testng-results ignored="0" total="0" passed="0" failed="0" skipped="0">
  <reporter-output>
  </reporter-output>
  <suite started-at="2025-08-22T16:36:34 IST" name="Default suite" finished-at="2025-08-22T16:36:35 IST" duration-ms="629">
    <groups>
      <group name="cucumber">
        <method signature="AbstractTestNGCucumberTests.runScenario(io.cucumber.testng.PickleWrapper,io.cucumber.testng.FeatureWrapper)[pri:0, instance:com.makemytrip.runners.TestRunner@24c22fe]" name="runScenario" class="io.cucumber.testng.AbstractTestNGCucumberTests"/>
      </group> <!-- cucumber -->
    </groups>
    <test started-at="2025-08-22T16:36:34 IST" name="Default test" finished-at="2025-08-22T16:36:35 IST" duration-ms="629">
      <class name="com.makemytrip.runners.TestRunner">
        <test-method is-config="true" signature="beforeSuite()[pri:0, instance:com.makemytrip.runners.TestRunner@24c22fe]" started-at="2025-08-22T16:36:34 IST" name="beforeSuite" finished-at="2025-08-22T16:36:34 IST" duration-ms="15" status="PASS">
          <reporter-output>
          </reporter-output>
        </test-method> <!-- beforeSuite -->
        <test-method is-config="true" signature="setUpClass(org.testng.ITestContext)[pri:0, instance:com.makemytrip.runners.TestRunner@24c22fe]" started-at="2025-08-22T16:36:34 IST" name="setUpClass" finished-at="2025-08-22T16:36:35 IST" duration-ms="574" status="PASS">
          <params>
            <param index="0">
              <value>
                <![CDATA[org.testng.TestRunner@7af1cd63]]>
              </value>
            </param>
          </params>
          <reporter-output>
          </reporter-output>
        </test-method> <!-- setUpClass -->
        <test-method is-config="true" signature="tearDownClass()[pri:0, instance:com.makemytrip.runners.TestRunner@24c22fe]" started-at="2025-08-22T16:36:35 IST" name="tearDownClass" finished-at="2025-08-22T16:36:35 IST" duration-ms="22" status="PASS">
          <reporter-output>
          </reporter-output>
        </test-method> <!-- tearDownClass -->
        <test-method is-config="true" signature="afterSuite()[pri:0, instance:com.makemytrip.runners.TestRunner@24c22fe]" started-at="2025-08-22T16:36:35 IST" name="afterSuite" finished-at="2025-08-22T16:36:35 IST" duration-ms="1" status="PASS">
          <reporter-output>
          </reporter-output>
        </test-method> <!-- afterSuite -->
      </class> <!-- com.makemytrip.runners.TestRunner -->
    </test> <!-- Default test -->
  </suite> <!-- Default suite -->
</testng-results>
